app/build/outputs/logs/manifest-merger-release-report.txt
-- Merging decision tree log ---
manifest
ADDED from src\main\AndroidManifest.xml:2:1-49:12
	package
		ADDED from src\main\AndroidManifest.xml:3:5-46
		INJECTED from src\main\AndroidManifest.xml
		INJECTED from src\main\AndroidManifest.xml
	android:versionName
		ADDED from src\main\AndroidManifest.xml:5:5-30
		INJECTED from src\main\AndroidManifest.xml
		INJECTED from src\main\AndroidManifest.xml
	android:versionCode
		ADDED from src\main\AndroidManifest.xml:4:5-29
		INJECTED from src\main\AndroidManifest.xml
		INJECTED from src\main\AndroidManifest.xml
	xmlns:android
		ADDED from src\main\AndroidManifest.xml:2:11-69
uses-sdk
ADDED from src\main\AndroidManifest.xml:7:5-9:41
	android:targetSdkVersion
		ADDED from src\main\AndroidManifest.xml:9:9-38
		INJECTED from src\main\AndroidManifest.xml
		INJECTED from src\main\AndroidManifest.xml
	android:minSdkVersion
		ADDED from src\main\AndroidManifest.xml:8:9-35
		INJECTED from src\main\AndroidManifest.xml
		INJECTED from src\main\AndroidManifest.xml
uses-permission#android.permission.WAKE_LOCK
ADDED from src\main\AndroidManifest.xml:11:5-84
	android:name
		ADDED from src\main\AndroidManifest.xml:11:22-65
uses-permission#android.permission.RECEIVE_BOOT_COMPLETED
ADDED from src\main\AndroidManifest.xml:12:5-97
	android:name
		ADDED from src\main\AndroidManifest.xml:12:22-78
uses-permission#android.permission.READ_CALENDAR
ADDED from src\main\AndroidManifest.xml:13:5-72
	android:name
		ADDED from src\main\AndroidManifest.xml:13:22-69
uses-permission#android.permission.WRITE_CALENDAR
ADDED from src\main\AndroidManifest.xml:14:5-73
	android:name
		ADDED from src\main\AndroidManifest.xml:14:22-70
application
ADDED from src\main\AndroidManifest.xml:17:5-47:19
	android:label
		ADDED from src\main\AndroidManifest.xml:20:9-41
	android:allowBackup
		ADDED from src\main\AndroidManifest.xml:18:9-35
	android:icon
		ADDED from src\main\AndroidManifest.xml:19:9-45
	android:theme
		ADDED from src\main\AndroidManifest.xml:21:9-40
activity#com.app.quarter_revolution_tool.MainActivity
ADDED from src\main\AndroidManifest.xml:22:9-30:20
	android:label
		ADDED from src\main\AndroidManifest.xml:24:13-45
	android:name
		ADDED from src\main\AndroidManifest.xml:23:13-72
intent-filter#android.intent.action.MAIN+android.intent.category.LAUNCHER
ADDED from src\main\AndroidManifest.xml:25:13-29:29
action#android.intent.action.MAIN
ADDED from src\main\AndroidManifest.xml:26:17-69
	android:name
		ADDED from src\main\AndroidManifest.xml:26:25-66
category#android.intent.category.LAUNCHER
ADDED from src\main\AndroidManifest.xml:28:17-77
	android:name
		ADDED from src\main\AndroidManifest.xml:28:27-74
receiver#com.app.quarter_revolution_tool.SampleAlarmReceiver
ADDED from src\main\AndroidManifest.xml:34:9-66
	android:name
		ADDED from src\main\AndroidManifest.xml:34:19-54
receiver#com.app.quarter_revolution_tool.SampleBootReceiver
ADDED from src\main\AndroidManifest.xml:36:9-41:20
	android:enabled
		ADDED from src\main\AndroidManifest.xml:37:17-40
	android:name
		ADDED from src\main\AndroidManifest.xml:36:19-53
intent-filter#android.intent.action.BOOT_COMPLETED
ADDED from src\main\AndroidManifest.xml:38:13-40:29
action#android.intent.action.BOOT_COMPLETED
ADDED from src\main\AndroidManifest.xml:39:13-82
	android:name
		ADDED from src\main\AndroidManifest.xml:39:21-72
service#com.app.quarter_revolution_tool.SampleSchedulingService
ADDED from src\main\AndroidManifest.xml:42:9-60
	android:name
		ADDED from src\main\AndroidManifest.xml:42:18-57
activity#com.app.quarter_revolution_tool.SettingActivity
ADDED from src\main\AndroidManifest.xml:43:9-93
	android:name
		ADDED from src\main\AndroidManifest.xml:43:19-81
activity#com.app.quarter_revolution_tool.AppConceptActivity
ADDED from src\main\AndroidManifest.xml:44:9-64
	android:name
		ADDED from src\main\AndroidManifest.xml:44:19-52
activity#com.app.quarter_revolution_tool.VersionInfoActivity
ADDED from src\main\AndroidManifest.xml:45:9-65
	android:name
		ADDED from src\main\AndroidManifest.xml:45:19-53